[2025-11-28T09:39:14.484] [WARN] [localhost] [docId] [userId] nodeJS - Express server starting...
[2025-11-28T09:39:14.492] [WARN] [localhost] [docId] [userId] nodeJS - notifyLicenseExpiration(): expiration date is not defined
[2025-11-28T09:39:14.493] [WARN] [localhost] [docId] [userId] nodeJS - notifyLicenseExpiration(): expiration date is not defined
[2025-11-28T09:39:14.682] [WARN] [localhost] [docId] [userId] nodeJS - Express server listening on port 8000 in production-linux mode. Version: 9.1.0. Build: 168
[2025-11-28T09:39:41.880] [WARN] [localhost] [docId] [userId] nodeJS - Express server starting...
[2025-11-28T09:39:41.897] [WARN] [localhost] [docId] [userId] nodeJS - notifyLicenseExpiration(): expiration date is not defined
[2025-11-28T09:39:41.898] [WARN] [localhost] [docId] [userId] nodeJS - notifyLicenseExpiration(): expiration date is not defined
[2025-11-28T09:39:42.080] [WARN] [localhost] [docId] [userId] nodeJS - Express server listening on port 8000 in production-linux mode. Version: 9.1.0. Build: 168
[2025-11-28T09:48:11.683] [WARN] [localhost] [docId] [userId] nodeJS - start shutdown:true
[2025-11-28T09:48:11.684] [WARN] [localhost] [docId] [userId] nodeJS - active connections: 0
[2025-11-28T09:48:11.684] [WARN] [localhost] [docId] [userId] nodeJS - end shutdown
[2025-11-28T09:48:27.244] [WARN] [localhost] [docId] [userId] nodeJS - Express server starting...
[2025-11-28T09:48:27.252] [WARN] [localhost] [docId] [userId] nodeJS - notifyLicenseExpiration(): expiration date is not defined
[2025-11-28T09:48:27.253] [WARN] [localhost] [docId] [userId] nodeJS - notifyLicenseExpiration(): expiration date is not defined
[2025-11-28T09:48:27.420] [WARN] [localhost] [docId] [userId] nodeJS - Express server listening on port 8000 in production-linux mode. Version: 9.1.0. Build: 168
[2025-11-28T09:48:52.322] [WARN] [localhost] [docId] [userId] nodeJS - Express server starting...
[2025-11-28T09:48:52.328] [WARN] [localhost] [docId] [userId] nodeJS - notifyLicenseExpiration(): expiration date is not defined
[2025-11-28T09:48:52.329] [WARN] [localhost] [docId] [userId] nodeJS - notifyLicenseExpiration(): expiration date is not defined
[2025-11-28T09:48:52.482] [WARN] [localhost] [docId] [userId] nodeJS - Express server listening on port 8000 in production-linux mode. Version: 9.1.0. Build: 168
[2025-11-28T10:33:55.888] [WARN] [localhost] [docId] [userId] nodeJS - Express server starting...
[2025-11-28T10:33:55.896] [WARN] [localhost] [docId] [userId] nodeJS - notifyLicenseExpiration(): expiration date is not defined
[2025-11-28T10:33:55.897] [WARN] [localhost] [docId] [userId] nodeJS - notifyLicenseExpiration(): expiration date is not defined
[2025-11-28T10:33:56.120] [WARN] [localhost] [docId] [userId] nodeJS - Express server listening on port 8000 in production-linux mode. Version: 9.1.0. Build: 168
[2025-11-28T10:34:22.841] [WARN] [localhost] [docId] [userId] nodeJS - Express server starting...
[2025-11-28T10:34:22.848] [WARN] [localhost] [docId] [userId] nodeJS - notifyLicenseExpiration(): expiration date is not defined
[2025-11-28T10:34:22.848] [WARN] [localhost] [docId] [userId] nodeJS - notifyLicenseExpiration(): expiration date is not defined
[2025-11-28T10:34:23.005] [WARN] [localhost] [docId] [userId] nodeJS - Express server listening on port 8000 in production-linux mode. Version: 9.1.0. Build: 168
[2025-11-28T10:50:16.106] [WARN] [localhost] [docId] [userId] nodeJS - Express server starting...
[2025-11-28T10:50:16.119] [WARN] [localhost] [docId] [userId] nodeJS - notifyLicenseExpiration(): expiration date is not defined
[2025-11-28T10:50:16.120] [WARN] [localhost] [docId] [userId] nodeJS - notifyLicenseExpiration(): expiration date is not defined
[2025-11-28T10:50:16.345] [WARN] [localhost] [docId] [userId] nodeJS - Express server listening on port 8000 in production-linux mode. Version: 9.1.0. Build: 168
[2025-11-28T10:50:43.683] [WARN] [localhost] [docId] [userId] nodeJS - Express server starting...
[2025-11-28T10:50:43.692] [WARN] [localhost] [docId] [userId] nodeJS - notifyLicenseExpiration(): expiration date is not defined
[2025-11-28T10:50:43.692] [WARN] [localhost] [docId] [userId] nodeJS - notifyLicenseExpiration(): expiration date is not defined
[2025-11-28T10:50:43.831] [WARN] [localhost] [docId] [userId] nodeJS - Express server listening on port 8000 in production-linux mode. Version: 9.1.0. Build: 168
[2025-11-28T10:57:02.343] [WARN] [localhost] [docId] [userId] nodeJS - start shutdown:true
[2025-11-28T10:57:02.343] [WARN] [localhost] [docId] [userId] nodeJS - active connections: 1
[2025-11-28T10:57:02.344] [WARN] [localhost] [docId] [userId] nodeJS - end shutdown
[2025-11-28T10:57:17.045] [WARN] [localhost] [docId] [userId] nodeJS - Express server starting...
[2025-11-28T10:57:17.047] [WARN] [localhost] [docId] [userId] nodeJS - Failed to subscribe to plugin folder updates. When changing the list of plugins, you must restart the server. https://nodejs.org/docs/latest/api/fs.html#fs_availability
[2025-11-28T10:57:17.289] [WARN] [localhost] [docId] [userId] nodeJS - Express server listening on port 8000 in production-linux mode. Version: 8.0.1. Build: 31
[2025-11-28T10:57:36.581] [WARN] [localhost] [docId] [userId] nodeJS - Express server starting...
[2025-11-28T10:57:36.584] [WARN] [localhost] [docId] [userId] nodeJS - Failed to subscribe to plugin folder updates. When changing the list of plugins, you must restart the server. https://nodejs.org/docs/latest/api/fs.html#fs_availability
[2025-11-28T10:57:36.741] [WARN] [localhost] [docId] [userId] nodeJS - Express server listening on port 8000 in production-linux mode. Version: 8.0.1. Build: 31
[2025-11-28T11:02:34.691] [WARN] [localhost] [docId] [userId] nodeJS - start shutdown:%b true
[2025-11-28T11:02:34.691] [WARN] [localhost] [docId] [userId] nodeJS - active connections: 0
[2025-11-28T11:02:34.691] [WARN] [localhost] [docId] [userId] nodeJS - end shutdown
[2025-11-28T11:02:49.343] [WARN] [localhost] [docId] [userId] nodeJS - Express server starting...
[2025-11-28T11:02:49.350] [WARN] [localhost] [docId] [userId] nodeJS - Failed to subscribe to plugin folder updates. When changing the list of plugins, you must restart the server. https://nodejs.org/docs/latest/api/fs.html#fs_availability
[2025-11-28T11:02:49.635] [WARN] [localhost] [docId] [userId] nodeJS - Express server listening on port 8000 in production-linux mode. Version: 8.0.1. Build: 31
[2025-11-28T11:03:09.022] [WARN] [localhost] [docId] [userId] nodeJS - Express server starting...
[2025-11-28T11:03:09.025] [WARN] [localhost] [docId] [userId] nodeJS - Failed to subscribe to plugin folder updates. When changing the list of plugins, you must restart the server. https://nodejs.org/docs/latest/api/fs.html#fs_availability
[2025-11-28T11:03:09.205] [WARN] [localhost] [docId] [userId] nodeJS - Express server listening on port 8000 in production-linux mode. Version: 8.0.1. Build: 31
[2025-11-28T11:07:22.167] [WARN] [localhost] [docId] [userId] nodeJS - start shutdown:%b true
[2025-11-28T11:07:22.168] [WARN] [localhost] [docId] [userId] nodeJS - active connections: 0
[2025-11-28T11:07:22.168] [WARN] [localhost] [docId] [userId] nodeJS - end shutdown
[2025-11-28T11:07:38.367] [WARN] [localhost] [docId] [userId] nodeJS - Express server starting...
[2025-11-28T11:07:38.371] [WARN] [localhost] [docId] [userId] nodeJS - Failed to subscribe to plugin folder updates. When changing the list of plugins, you must restart the server. https://nodejs.org/docs/latest/api/fs.html#fs_availability
[2025-11-28T11:07:38.628] [WARN] [localhost] [docId] [userId] nodeJS - Express server listening on port 8000 in production-linux mode. Version: 8.0.1. Build: 31
[2025-11-28T11:07:58.737] [WARN] [localhost] [docId] [userId] nodeJS - Express server starting...
[2025-11-28T11:07:58.739] [WARN] [localhost] [docId] [userId] nodeJS - Failed to subscribe to plugin folder updates. When changing the list of plugins, you must restart the server. https://nodejs.org/docs/latest/api/fs.html#fs_availability
[2025-11-28T11:07:58.952] [WARN] [localhost] [docId] [userId] nodeJS - Express server listening on port 8000 in production-linux mode. Version: 8.0.1. Build: 31
[2025-11-28T11:10:28.333] [WARN] [localhost] [docId] [userId] nodeJS - start shutdown:%b true
[2025-11-28T11:10:28.335] [WARN] [localhost] [docId] [userId] nodeJS - active connections: 0
[2025-11-28T11:10:28.335] [WARN] [localhost] [docId] [userId] nodeJS - end shutdown
[2025-11-28T11:53:58.027] [WARN] [localhost] [docId] [userId] nodeJS - Express server starting...
[2025-11-28T11:53:58.038] [WARN] [localhost] [docId] [userId] nodeJS - notifyLicenseExpiration(): expiration date is not defined
[2025-11-28T11:53:58.039] [WARN] [localhost] [docId] [userId] nodeJS - notifyLicenseExpiration(): expiration date is not defined
[2025-11-28T11:53:58.280] [WARN] [localhost] [docId] [userId] nodeJS - Express server listening on port 8000 in production-linux mode. Version: 9.1.0. Build: 168
[2025-11-28T11:54:24.075] [WARN] [localhost] [docId] [userId] nodeJS - Express server starting...
[2025-11-28T11:54:24.083] [WARN] [localhost] [docId] [userId] nodeJS - notifyLicenseExpiration(): expiration date is not defined
[2025-11-28T11:54:24.084] [WARN] [localhost] [docId] [userId] nodeJS - notifyLicenseExpiration(): expiration date is not defined
[2025-11-28T11:54:24.227] [WARN] [localhost] [docId] [userId] nodeJS - Express server listening on port 8000 in production-linux mode. Version: 9.1.0. Build: 168
[2025-11-28T12:01:01.246] [WARN] [localhost] [docId] [userId] nodeJS - checkJwt error: name = JsonWebTokenError message = jwt malformed token = ZjS2mNT5nQZV1TJsIRxI3yLEm8ejnqD5
[2025-11-28T12:01:08.415] [WARN] [localhost] [docId] [userId] nodeJS - checkJwt error: name = JsonWebTokenError message = jwt malformed token = ZjS2mNT5nQZV1TJsIRxI3yLEm8ejnqD5
[2025-11-28T12:14:34.030] [WARN] [localhost] [docId] [userId] nodeJS - checkJwt error: name = JsonWebTokenError message = jwt malformed token = ZjS2mNT5nQZV1TJsIRxI3yLEm8ejnqD5
[2025-11-28T13:34:00.491] [WARN] [localhost] [docId] [userId] nodeJS - Express server starting...
[2025-11-28T13:34:00.500] [WARN] [localhost] [docId] [userId] nodeJS - notifyLicenseExpiration(): expiration date is not defined
[2025-11-28T13:34:00.501] [WARN] [localhost] [docId] [userId] nodeJS - notifyLicenseExpiration(): expiration date is not defined
[2025-11-28T13:34:00.691] [WARN] [localhost] [docId] [userId] nodeJS - Express server listening on port 8000 in production-linux mode. Version: 9.1.0. Build: 168
[2025-11-28T13:34:22.592] [WARN] [localhost] [docId] [userId] nodeJS - Express server starting...
[2025-11-28T13:34:22.601] [WARN] [localhost] [docId] [userId] nodeJS - notifyLicenseExpiration(): expiration date is not defined
[2025-11-28T13:34:22.602] [WARN] [localhost] [docId] [userId] nodeJS - notifyLicenseExpiration(): expiration date is not defined
[2025-11-28T13:34:22.736] [WARN] [localhost] [docId] [userId] nodeJS - Express server listening on port 8000 in production-linux mode. Version: 9.1.0. Build: 168
[2025-11-28T13:38:25.671] [WARN] [localhost] [docId] [userId] nodeJS - Express server starting...
[2025-11-28T13:38:25.683] [WARN] [localhost] [docId] [userId] nodeJS - notifyLicenseExpiration(): expiration date is not defined
[2025-11-28T13:38:25.684] [WARN] [localhost] [docId] [userId] nodeJS - notifyLicenseExpiration(): expiration date is not defined
[2025-11-28T13:38:25.865] [WARN] [localhost] [docId] [userId] nodeJS - Express server listening on port 8000 in production-linux mode. Version: 9.1.0. Build: 168
[2025-11-28T13:38:49.375] [WARN] [localhost] [docId] [userId] nodeJS - Express server starting...
[2025-11-28T13:38:49.384] [WARN] [localhost] [docId] [userId] nodeJS - notifyLicenseExpiration(): expiration date is not defined
[2025-11-28T13:38:49.386] [WARN] [localhost] [docId] [userId] nodeJS - notifyLicenseExpiration(): expiration date is not defined
[2025-11-28T13:38:49.545] [WARN] [localhost] [docId] [userId] nodeJS - Express server listening on port 8000 in production-linux mode. Version: 9.1.0. Build: 168
